[2012-11-21 06:17:26.007] [INFO] PixGrid - User logged in: peter l
[2012-11-21 06:35:34.874] [INFO] PixGrid - User logged in: peter l
[2012-11-21 06:37:41.533] [INFO] PixGrid - User logged in: peter l
[2012-11-21 07:27:36.791] [INFO] PixGrid - User logged in: peter l
[2012-11-21 07:27:46.701] [DEBUG] PixGrid - Error: {"success":false,"error":true,"code":400,"message":"Photo parameter required for photo upload"}
[2012-11-21 07:35:27.905] [INFO] PixGrid - User logged in: peter l
[2012-11-21 08:23:32.929] [DEBUG] PixGrid - Error: {"success":false,"error":true,"code":400,"message":"Photo parameter required for photo upload"}
[2012-11-21 08:26:59.920] [INFO] PixGrid - User logged in: peter l
[2012-11-21 08:27:31.969] [DEBUG] PixGrid - photos#create.json#Error: {"success":false,"error":true,"code":400,"message":"Photo parameter required for photo upload"}
[2012-11-21 08:29:02.441] [DEBUG] PixGrid - photos#create.json#Error: {"success":false,"error":true,"code":400,"message":"Invalid photo file attachment"}
[2012-11-21 08:30:40.439] [INFO] PixGrid - User logged in: peter l
[2012-11-21 08:30:50.618] [DEBUG] PixGrid - photos#create.json#Error: {"success":false,"error":true,"code":400,"message":"Invalid photo file attachment"}
[2012-11-21 08:32:41.364] [DEBUG] PixGrid - photos#create.json#Error: {"success":false,"error":true,"code":400,"message":"Invalid photo file attachment"}
[2012-11-21 08:39:55.019] [INFO] PixGrid - User logged in: peter l
[2012-11-21 08:40:17.520] [DEBUG] PixGrid - photos#create.json#Error: {"success":false,"error":true,"code":400,"message":"Invalid photo file attachment"}
[2012-11-21 08:44:32.348] [INFO] PixGrid - User logged in: peter l
[2012-11-21 08:44:37.236] [DEBUG] PixGrid - photos#create.json#Error: {"success":false,"error":true,"code":400,"message":"Invalid photo file attachment"}
[2012-11-21 08:44:48.971] [DEBUG] PixGrid - photos#create.json#Error: {"success":false,"error":true,"code":400,"message":"Invalid photo file attachment"}
[2012-11-21 08:52:25.675] [DEBUG] PixGrid - photos#create.json#Error: {"success":false,"error":true,"code":400,"message":"Invalid photo file attachment"}
[2012-11-21 08:52:30.963] [DEBUG] PixGrid - photos#create.json#Error: {"success":false,"error":true,"code":400,"message":"Invalid photo file attachment"}
[2012-11-21 08:53:43.988] [DEBUG] PixGrid - photos#create.json#Error: {"success":false,"error":true,"code":400,"message":"Invalid photo file attachment"}
[2012-11-21 09:01:26.829] [INFO] PixGrid - User logged in: peter l
[2012-11-21 09:01:33.311] [DEBUG] PixGrid - photos#create.json#Error: {"success":false,"error":true,"code":400,"message":"Invalid photo file attachment"}
[2012-11-21 09:01:41.251] [DEBUG] PixGrid - photos#create.json#Error: {"success":false,"error":true,"code":400,"message":"Invalid photo file attachment"}
[2012-11-21 10:28:05.570] [DEBUG] PixGrid - photos#create.json#Error: {"success":false,"error":true,"code":400,"message":"Invalid photo file attachment"}
[2012-11-21 10:28:10.812] [DEBUG] PixGrid - photos#create.json#Error: {"success":false,"error":true,"code":400,"message":"Invalid photo file attachment"}
[2012-11-21 10:56:53.589] [INFO] PixGrid - User logged in: peter l
[2012-11-21 10:57:11.823] [DEBUG] PixGrid - photos#create.json#Error: {"success":false,"error":true,"code":400,"message":"Invalid photo file attachment"}
[2012-11-21 10:57:22.358] [DEBUG] PixGrid - photos#create.json#Error: {"success":false,"error":true,"code":400,"message":"Invalid photo file attachment"}
[2012-11-21 11:03:28.571] [INFO] PixGrid - User logged in: peter l
[2012-11-21 11:03:40.491] [DEBUG] PixGrid - photos#create.json#Error: {"success":false,"error":true,"code":400,"message":"Invalid photo file attachment"}
[2012-11-21 11:19:43.182] [INFO] PixGrid - User logged in: peter l
[2012-11-21 11:20:50.709] [INFO] PixGrid - User logged in: peter l
[2012-11-21 11:21:35.427] [INFO] PixGrid - User logged in: peter l
[2012-11-21 11:21:46.119] [DEBUG] PixGrid - photos#create.json#Error: {"success":false,"error":true,"code":400,"message":"Invalid photo file attachment"}
[2012-11-21 11:24:30.173] [INFO] PixGrid - User logged in: peter l
[2012-11-21 11:24:34.551] [DEBUG] PixGrid - photos#create.json#Error: {"success":false,"error":true,"code":400,"message":"Invalid photo file attachment"}
[2012-11-21 11:26:20.540] [INFO] PixGrid - User logged in: peter l
[2012-11-21 11:26:36.591] [DEBUG] PixGrid - photos#create.json#Error: {"success":false,"error":true,"code":400,"message":"Invalid photo file attachment"}
[2012-11-21 11:28:57.811] [INFO] PixGrid - User logged in: peter l
[2012-11-21 11:29:03.136] [DEBUG] PixGrid - photos#create.json#Error: {"success":false,"error":true,"code":400,"message":"Invalid photo file attachment"}
[2012-11-21 11:30:05.944] [INFO] PixGrid - User logged in: peter l
[2012-11-21 11:30:56.251] [DEBUG] PixGrid - photos#create.json#Error: {"success":false,"error":true,"code":400,"message":"Invalid photo file attachment"}
[2012-11-21 11:31:15.833] [DEBUG] PixGrid - photos#create.json#Error: {"success":false,"error":true,"code":400,"message":"Invalid photo file attachment"}
[2012-11-21 11:34:46.144] [INFO] PixGrid - User logged in: peter l
[2012-11-21 11:34:52.279] [DEBUG] PixGrid - photos#create.json#Error: {"success":false,"error":true,"code":400,"message":"Invalid photo file attachment"}
[2012-11-21 11:37:52.405] [INFO] PixGrid - User logged in: peter l
[2012-11-21 11:37:57.713] [DEBUG] PixGrid - photos#create.json#Error: {"success":false,"error":true,"code":400,"message":"Invalid photo file attachment"}
[2012-11-21 11:40:53.289] [INFO] PixGrid - User logged in: peter l
[2012-11-21 11:41:02.023] [DEBUG] PixGrid - photos#create.json#Error: {"success":false,"error":true,"code":400,"message":"Photo parameter required for photo upload"}
[2012-11-21 11:41:14.409] [DEBUG] PixGrid - photos#create.json#Error: {"success":false,"error":true,"code":400,"message":"Photo parameter required for photo upload"}
[2012-11-21 11:41:58.770] [INFO] PixGrid - User logged in: peter l
[2012-11-21 11:42:04.613] [DEBUG] PixGrid - photos#create.json#Error: {"success":false,"error":true,"code":400,"message":"Photo parameter required for photo upload"}
[2012-11-21 11:42:36.778] [INFO] PixGrid - User logged in: peter l
[2012-11-21 11:42:41.541] [DEBUG] PixGrid - photos#create.json#Error: {"success":false,"error":true,"code":400,"message":"Photo parameter required for photo upload"}
[2012-11-21 11:47:45.646] [INFO] PixGrid - User logged in: peter l
[2012-11-21 11:47:51.854] [DEBUG] PixGrid - photos#create.json#Error: {"success":false,"error":true,"code":400,"message":"Invalid photo file attachment"}
[2012-11-21 11:47:59.647] [DEBUG] PixGrid - photos#create.json#Error: {"success":false,"error":true,"code":400,"message":"Invalid photo file attachment"}
[2012-11-21 11:48:33.273] [INFO] PixGrid - User logged in: peter l
[2012-11-21 11:48:39.095] [DEBUG] PixGrid - photos#create.json#Error: {"success":false,"error":true,"code":400,"message":"Invalid photo file attachment"}
[2012-11-21 12:00:08.785] [INFO] PixGrid - User logged in: peter l
[2012-11-21 12:00:17.159] [DEBUG] PixGrid - photos#create.json#Error: {"success":false,"error":true,"code":400,"message":"Invalid photo file attachment"}
[2012-11-21 12:01:03.639] [DEBUG] PixGrid - photos#create.json#Error: {"success":false,"error":true,"code":400,"message":"Invalid photo file attachment"}
[2012-11-21 12:02:48.712] [INFO] PixGrid - User logged in: peter l
[2012-11-21 12:02:54.209] [DEBUG] PixGrid - photos#create.json#Error: {"success":false,"error":true,"code":400,"message":"Photo parameter required for photo upload"}
[2012-11-21 12:03:33.275] [INFO] PixGrid - User logged in: peter l
[2012-11-21 12:03:39.937] [DEBUG] PixGrid - photos#create.json#Error: {"success":false,"error":true,"code":400,"message":"Photo parameter required for photo upload"}
[2012-11-21 12:06:01.416] [INFO] PixGrid - User logged in: peter l
[2012-11-21 12:06:08.544] [DEBUG] PixGrid - photos#create.json#Error: {"success":false,"error":true,"code":400,"message":"Photo parameter required for photo upload"}
[2012-11-21 12:08:38.413] [INFO] PixGrid - User logged in: peter l
[2012-11-21 12:08:43.323] [DEBUG] PixGrid - photos#create.json#Error: {"success":false,"error":true,"code":400,"message":"Photo parameter required for photo upload"}
[2012-11-21 12:08:53.064] [DEBUG] PixGrid - photos#create.json#Error: {"success":false,"error":true,"code":400,"message":"Photo parameter required for photo upload"}
[2012-11-21 12:20:19.993] [INFO] PixGrid - User logged in: peter l
[2012-11-21 12:20:24.643] [DEBUG] PixGrid - photos#create.json#Error: {"success":false,"error":true,"code":400,"message":"Photo parameter required for photo upload"}
[2012-11-21 12:20:28.762] [DEBUG] PixGrid - photos#create.json#Error: {"success":false,"error":true,"code":400,"message":"Photo parameter required for photo upload"}
[2012-11-21 12:21:14.108] [INFO] PixGrid - User logged in: peter l
[2012-11-21 12:21:25.831] [DEBUG] PixGrid - photos#create.json#Error: {"success":false,"error":true,"code":400,"message":"Photo parameter required for photo upload"}
[2012-11-21 12:22:05.799] [INFO] PixGrid - User logged in: peter l
[2012-11-21 12:22:11.392] [DEBUG] PixGrid - photos#create.json#Error: {"success":false,"error":true,"code":400,"message":"Photo parameter required for photo upload"}
[2012-11-21 12:22:54.367] [INFO] PixGrid - User logged in: peter l
[2012-11-21 12:23:03.128] [DEBUG] PixGrid - photos#create.json#Error: {"success":false,"error":true,"code":400,"message":"Invalid photo file attachment"}
[2012-11-21 12:23:10.660] [DEBUG] PixGrid - photos#create.json#Error: {"success":false,"error":true,"code":400,"message":"Invalid photo file attachment"}
[2012-11-21 13:00:15.408] [INFO] PixGrid - User logged in: peter l
[2012-11-21 13:00:23.772] [DEBUG] PixGrid - photos#create.json#Error: {"success":false,"error":true,"code":400,"message":"Invalid photo file attachment"}
[2012-11-21 13:03:20.560] [INFO] PixGrid - User logged in: peter l
[2012-11-21 13:03:27.696] [INFO] PixGrid - photos#create.json: {"photos":[{"id":"50ad419f241677484812c59e","filename":"btn-posts.png","size":3282,"md5":"6d9bc9e4ca18befbcc0006b92b16a950","created_at":"2012-11-21T21:03:27+0000","updated_at":"2012-11-21T21:03:27+0000","processed":false,"user":{"id":"4fed396eb685530e5a00001d","first_name":"peter","last_name":"l","tags":["insu","peter"],"created_at":"2012-06-29T05:13:18+0000","updated_at":"2012-11-21T21:03:20+0000","external_accounts":[],"confirmed_at":"2012-06-29T05:13:18+0000","username":"peterlee","email":"peter@cocoafish.com","admin":"false"},"content_type":"image/png"}],"success":true,"error":false,"meta":{"code":200,"status":"ok","method_name":"createPhoto"}}
[2012-11-21 13:03:41.302] [INFO] PixGrid - photos#create.json: {"photos":[{"id":"50ad41acab2979416d12cee7","filename":"btn-places.png","size":3679,"md5":"5bff768d55c88d0b47674fdc4a7fc2e4","created_at":"2012-11-21T21:03:41+0000","updated_at":"2012-11-21T21:03:41+0000","processed":false,"user":{"id":"4fed396eb685530e5a00001d","first_name":"peter","last_name":"l","tags":["insu","peter"],"created_at":"2012-06-29T05:13:18+0000","updated_at":"2012-11-21T21:03:20+0000","external_accounts":[],"confirmed_at":"2012-06-29T05:13:18+0000","username":"peterlee","email":"peter@cocoafish.com","admin":"false"},"content_type":"image/png"}],"success":true,"error":false,"meta":{"code":200,"status":"ok","method_name":"createPhoto"}}
[2012-11-21 13:05:44.939] [INFO] PixGrid - User logged in: peter l
[2012-11-21 13:05:58.316] [INFO] PixGrid - photos#create.json: {"photos":[{"id":"50ad4235ab2979416312d93c","filename":"btn-posts-active.png","size":597,"md5":"09688ae8e9c58d96ee19d66fba4513b1","created_at":"2012-11-21T21:05:58+0000","updated_at":"2012-11-21T21:05:58+0000","processed":false,"user":{"id":"4fed396eb685530e5a00001d","first_name":"peter","last_name":"l","tags":["insu","peter"],"created_at":"2012-06-29T05:13:18+0000","updated_at":"2012-11-21T21:05:44+0000","external_accounts":[],"confirmed_at":"2012-06-29T05:13:18+0000","username":"peterlee","email":"peter@cocoafish.com","admin":"false"},"content_type":"image/png"}],"success":true,"error":false,"meta":{"code":200,"status":"ok","method_name":"createPhoto"}}
[2012-11-21 13:19:48.371] [INFO] PixGrid - photos#create.json: {"photos":[{"id":"50ad4573ab2979416d12d094","filename":"btn-checkins.png","size":4872,"md5":"fbc2e05432158c8064680743bea71977","created_at":"2012-11-21T21:19:48+0000","updated_at":"2012-11-21T21:19:48+0000","processed":false,"user":{"id":"4fed396eb685530e5a00001d","first_name":"peter","last_name":"l","tags":["insu","peter"],"created_at":"2012-06-29T05:13:18+0000","updated_at":"2012-11-21T21:05:44+0000","external_accounts":[],"confirmed_at":"2012-06-29T05:13:18+0000","username":"peterlee","email":"peter@cocoafish.com","admin":"false"},"content_type":"image/png"}],"success":true,"error":false,"meta":{"code":200,"status":"ok","method_name":"createPhoto"}}
[2012-11-21 13:20:25.946] [INFO] PixGrid - photos#create.json: {"photos":[{"id":"50ad4599241677484812c72c","filename":"btn-events.png","size":1857,"md5":"5678690108598c296e06f6f05281062c","created_at":"2012-11-21T21:20:25+0000","updated_at":"2012-11-21T21:20:25+0000","processed":false,"user":{"id":"4fed396eb685530e5a00001d","first_name":"peter","last_name":"l","tags":["insu","peter"],"created_at":"2012-06-29T05:13:18+0000","updated_at":"2012-11-21T21:05:44+0000","external_accounts":[],"confirmed_at":"2012-06-29T05:13:18+0000","username":"peterlee","email":"peter@cocoafish.com","admin":"false"},"content_type":"image/png"}],"success":true,"error":false,"meta":{"code":200,"status":"ok","method_name":"createPhoto"}}
[2012-11-21 13:20:52.269] [INFO] PixGrid - photos#create.json: {"photos":[{"id":"50ad45b3241677483f12e602","filename":"btn-datafiles.png","size":1201,"md5":"647dbe917451fa13ec4c401fd10ca6f7","created_at":"2012-11-21T21:20:51+0000","updated_at":"2012-11-21T21:20:51+0000","processed":false,"user":{"id":"4fed396eb685530e5a00001d","first_name":"peter","last_name":"l","tags":["insu","peter"],"created_at":"2012-06-29T05:13:18+0000","updated_at":"2012-11-21T21:05:44+0000","external_accounts":[],"confirmed_at":"2012-06-29T05:13:18+0000","username":"peterlee","email":"peter@cocoafish.com","admin":"false"},"content_type":"image/png"}],"success":true,"error":false,"meta":{"code":200,"status":"ok","method_name":"createPhoto"}}
[2012-11-21 14:10:53.845] [INFO] PixGrid - photos#create.json: {"photos":[{"id":"50ad516de9768046eb12cc7b","filename":"pixgrid.png","size":9487,"md5":"e72e9cca50359462a039dc2a81039529","created_at":"2012-11-21T22:10:53+0000","updated_at":"2012-11-21T22:10:53+0000","processed":false,"user":{"id":"4fed396eb685530e5a00001d","first_name":"peter","last_name":"l","tags":["insu","peter"],"created_at":"2012-06-29T05:13:18+0000","updated_at":"2012-11-21T21:05:44+0000","external_accounts":[],"confirmed_at":"2012-06-29T05:13:18+0000","username":"peterlee","email":"peter@cocoafish.com","admin":"false"},"content_type":"image/png"}],"success":true,"error":false,"meta":{"code":200,"status":"ok","method_name":"createPhoto"}}
[2012-11-21 14:11:36.844] [INFO] PixGrid - photos#create.json: {"photos":[{"id":"50ad519815e06042bd12dd34","filename":"random.png","size":11070,"md5":"fe708ba3d745a1a8404412337b0ccde1","created_at":"2012-11-21T22:11:36+0000","updated_at":"2012-11-21T22:11:36+0000","processed":false,"user":{"id":"4fed396eb685530e5a00001d","first_name":"peter","last_name":"l","tags":["insu","peter"],"created_at":"2012-06-29T05:13:18+0000","updated_at":"2012-11-21T21:05:44+0000","external_accounts":[],"confirmed_at":"2012-06-29T05:13:18+0000","username":"peterlee","email":"peter@cocoafish.com","admin":"false"},"content_type":"image/png"}],"success":true,"error":false,"meta":{"code":200,"status":"ok","method_name":"createPhoto"}}
[2012-11-21 14:29:59.392] [INFO] PixGrid - photos#destroy: {"success":true,"error":false,"meta":{"status":"ok","code":200,"method_name":"deletePhoto"}}
[2012-11-21 14:30:58.297] [INFO] PixGrid - User logged in: peter l
[2012-11-21 14:31:03.230] [INFO] PixGrid - photos#destroy: {"success":true,"error":false,"meta":{"status":"ok","code":200,"method_name":"deletePhoto"}}
[2012-11-21 14:31:32.300] [INFO] PixGrid - photos#destroy: {"success":true,"error":false,"meta":{"status":"ok","code":200,"method_name":"deletePhoto"}}
[2012-11-21 14:31:42.093] [INFO] PixGrid - photos#destroy: {"success":true,"error":false,"meta":{"status":"ok","code":200,"method_name":"deletePhoto"}}
[2012-11-21 14:56:25.115] [INFO] PixGrid - User logged in: ins lee
[2012-11-21 14:56:31.016] [INFO] PixGrid - photos#destroy: {"success":true,"error":false,"meta":{"status":"ok","code":200,"method_name":"deletePhoto"}}
[2012-11-21 15:01:35.089] [DEBUG] PixGrid - photos#create.json#Error: {"success":false,"error":true,"code":400,"message":"Photo parameter required for photo upload"}
[2012-11-21 15:01:57.292] [INFO] PixGrid - User logged in: peter l
[2012-11-21 15:02:08.115] [INFO] PixGrid - User logged in: ins lee
[2012-11-21 15:02:21.540] [INFO] PixGrid - photos#create.json: {"photos":[{"id":"50ad5d7d241677484812d084","filename":"random.png","size":11070,"md5":"fe708ba3d745a1a8404412337b0ccde1","created_at":"2012-11-21T23:02:21+0000","updated_at":"2012-11-21T23:02:21+0000","processed":false,"user":{"id":"4f4d2a5f356f4e071f000916","first_name":"ins","last_name":"lee","created_at":"2012-02-28T19:26:23+0000","updated_at":"2012-11-21T23:02:08+0000","external_accounts":[],"confirmed_at":"2012-04-17T05:33:49+0000","username":"ins","role":"","email":"ins429@gmail.com","admin":"false","custom_fields":{"sd":"23423s","s32":"sdfa2","sds":"23423s","sdfs":"23423s"}},"content_type":"image/png"}],"success":true,"error":false,"meta":{"code":200,"status":"ok","method_name":"createPhoto"}}
[2012-11-21 15:03:02.155] [INFO] PixGrid - photos#destroy: {"success":true,"error":false,"meta":{"status":"ok","code":200,"method_name":"deletePhoto"}}
[2012-11-21 15:03:18.273] [INFO] PixGrid - photos#create.json: {"photos":[{"id":"50ad5db528246b42c312df61","filename":"pixgrid.png","size":9487,"md5":"e72e9cca50359462a039dc2a81039529","created_at":"2012-11-21T23:03:17+0000","updated_at":"2012-11-21T23:03:17+0000","processed":false,"user":{"id":"4f4d2a5f356f4e071f000916","first_name":"ins","last_name":"lee","created_at":"2012-02-28T19:26:23+0000","updated_at":"2012-11-21T23:02:08+0000","external_accounts":[],"confirmed_at":"2012-04-17T05:33:49+0000","username":"ins","role":"","email":"ins429@gmail.com","admin":"false","custom_fields":{"sd":"23423s","s32":"sdfa2","sds":"23423s","sdfs":"23423s"}},"content_type":"image/png"}],"success":true,"error":false,"meta":{"code":200,"status":"ok","method_name":"createPhoto"}}
[2012-11-21 15:05:48.245] [INFO] PixGrid - photos#destroy: {"success":true,"error":false,"meta":{"status":"ok","code":200,"method_name":"deletePhoto"}}
[2012-11-21 15:06:03.340] [INFO] PixGrid - photos#create.json: {"photos":[{"id":"50ad5e5a15e06042c712dcc1","filename":"pixgrid.png","size":9487,"md5":"e72e9cca50359462a039dc2a81039529","created_at":"2012-11-21T23:06:03+0000","updated_at":"2012-11-21T23:06:03+0000","processed":false,"user":{"id":"4f4d2a5f356f4e071f000916","first_name":"ins","last_name":"lee","created_at":"2012-02-28T19:26:23+0000","updated_at":"2012-11-21T23:02:08+0000","external_accounts":[],"confirmed_at":"2012-04-17T05:33:49+0000","username":"ins","role":"","email":"ins429@gmail.com","admin":"false","custom_fields":{"sd":"23423s","s32":"sdfa2","sds":"23423s","sdfs":"23423s"}},"content_type":"image/png"}],"success":true,"error":false,"meta":{"code":200,"status":"ok","method_name":"createPhoto"}}
[2012-11-21 15:11:26.233] [INFO] PixGrid - photos#destroy: {"success":true,"error":false,"meta":{"status":"ok","code":200,"method_name":"deletePhoto"}}
[2012-11-21 15:11:36.963] [INFO] PixGrid - photos#create.json: {"photos":[{"id":"50ad5fa828246b42c312e053","filename":"pixgrid.png","size":9487,"md5":"e72e9cca50359462a039dc2a81039529","created_at":"2012-11-21T23:11:36+0000","updated_at":"2012-11-21T23:11:36+0000","processed":false,"user":{"id":"4f4d2a5f356f4e071f000916","first_name":"ins","last_name":"lee","created_at":"2012-02-28T19:26:23+0000","updated_at":"2012-11-21T23:02:08+0000","external_accounts":[],"confirmed_at":"2012-04-17T05:33:49+0000","username":"ins","role":"","email":"ins429@gmail.com","admin":"false","custom_fields":{"sd":"23423s","s32":"sdfa2","sds":"23423s","sdfs":"23423s"}},"content_type":"image/png"}],"success":true,"error":false,"meta":{"code":200,"status":"ok","method_name":"createPhoto"}}
[2012-11-21 15:13:59.109] [INFO] PixGrid - photos#destroy: {"success":true,"error":false,"meta":{"status":"ok","code":200,"method_name":"deletePhoto"}}
[2012-11-21 15:14:08.816] [INFO] PixGrid - photos#create.json: {"photos":[{"id":"50ad604064281d419112fb13","filename":"pixgrid.png","size":9487,"md5":"e72e9cca50359462a039dc2a81039529","created_at":"2012-11-21T23:14:08+0000","updated_at":"2012-11-21T23:14:08+0000","processed":false,"user":{"id":"4f4d2a5f356f4e071f000916","first_name":"ins","last_name":"lee","created_at":"2012-02-28T19:26:23+0000","updated_at":"2012-11-21T23:02:08+0000","external_accounts":[],"confirmed_at":"2012-04-17T05:33:49+0000","username":"ins","role":"","email":"ins429@gmail.com","admin":"false","custom_fields":{"sd":"23423s","s32":"sdfa2","sds":"23423s","sdfs":"23423s"}},"content_type":"image/png"}],"success":true,"error":false,"meta":{"code":200,"status":"ok","method_name":"createPhoto"}}
[2012-11-21 15:15:21.078] [INFO] PixGrid - photos#destroy: {"success":true,"error":false,"meta":{"status":"ok","code":200,"method_name":"deletePhoto"}}
[2012-11-21 15:15:54.003] [INFO] PixGrid - photos#create.json: {"photos":[{"id":"50ad60a9241677484812d1e2","filename":"logo.png","size":4044,"md5":"7f8cb845d02a2beee4ec116a2595a5c8","created_at":"2012-11-21T23:15:53+0000","updated_at":"2012-11-21T23:15:53+0000","processed":false,"user":{"id":"4f4d2a5f356f4e071f000916","first_name":"ins","last_name":"lee","created_at":"2012-02-28T19:26:23+0000","updated_at":"2012-11-21T23:02:08+0000","external_accounts":[],"confirmed_at":"2012-04-17T05:33:49+0000","username":"ins","role":"","email":"ins429@gmail.com","admin":"false","custom_fields":{"sd":"23423s","s32":"sdfa2","sds":"23423s","sdfs":"23423s"}},"content_type":"image/png"}],"success":true,"error":false,"meta":{"code":200,"status":"ok","method_name":"createPhoto"}}
[2012-11-21 15:16:29.419] [INFO] PixGrid - photos#create.json: {"photos":[{"id":"50ad60cde9768046f512f401","filename":"logo.png","size":4044,"md5":"7f8cb845d02a2beee4ec116a2595a5c8","created_at":"2012-11-21T23:16:29+0000","updated_at":"2012-11-21T23:16:29+0000","processed":false,"user":{"id":"4f4d2a5f356f4e071f000916","first_name":"ins","last_name":"lee","created_at":"2012-02-28T19:26:23+0000","updated_at":"2012-11-21T23:02:08+0000","external_accounts":[],"confirmed_at":"2012-04-17T05:33:49+0000","username":"ins","role":"","email":"ins429@gmail.com","admin":"false","custom_fields":{"sd":"23423s","s32":"sdfa2","sds":"23423s","sdfs":"23423s"}},"content_type":"image/png"}],"success":true,"error":false,"meta":{"code":200,"status":"ok","method_name":"createPhoto"}}
[2012-11-21 15:47:52.164] [INFO] PixGrid - photos#create.json: {"photos":[{"id":"50ad68275fbcea3fa012f397","filename":"random.png","size":11070,"md5":"fe708ba3d745a1a8404412337b0ccde1","created_at":"2012-11-21T23:47:51+0000","updated_at":"2012-11-21T23:47:51+0000","processed":false,"user":{"id":"4f4d2a5f356f4e071f000916","first_name":"ins","last_name":"lee","created_at":"2012-02-28T19:26:23+0000","updated_at":"2012-11-21T23:02:08+0000","external_accounts":[],"confirmed_at":"2012-04-17T05:33:49+0000","username":"ins","role":"","email":"ins429@gmail.com","admin":"false","custom_fields":{"sd":"23423s","s32":"sdfa2","sds":"23423s","sdfs":"23423s"}},"content_type":"image/png"}],"success":true,"error":false,"meta":{"code":200,"status":"ok","method_name":"createPhoto"}}
[2012-11-21 15:50:00.576] [INFO] PixGrid - photos#create.json: {"photos":[{"id":"50ad68a764281d419112fdd3","filename":"logo.png","size":4044,"md5":"7f8cb845d02a2beee4ec116a2595a5c8","created_at":"2012-11-21T23:50:00+0000","updated_at":"2012-11-21T23:50:00+0000","processed":false,"user":{"id":"4f4d2a5f356f4e071f000916","first_name":"ins","last_name":"lee","created_at":"2012-02-28T19:26:23+0000","updated_at":"2012-11-21T23:02:08+0000","external_accounts":[],"confirmed_at":"2012-04-17T05:33:49+0000","username":"ins","role":"","email":"ins429@gmail.com","admin":"false","custom_fields":{"sd":"23423s","s32":"sdfa2","sds":"23423s","sdfs":"23423s"}},"content_type":"image/png"}],"success":true,"error":false,"meta":{"code":200,"status":"ok","method_name":"createPhoto"}}
[2012-11-21 15:51:45.638] [INFO] PixGrid - photos#create.json: {"photos":[{"id":"50ad6910e0b1ba310f00030f","filename":"PIXGRID_main.png","size":94607,"md5":"e0209fe322b2aae31667594be0209ac8","created_at":"2012-11-21T23:51:45+0000","updated_at":"2012-11-21T23:51:45+0000","processed":false,"user":{"id":"4f4d2a5f356f4e071f000916","first_name":"ins","last_name":"lee","created_at":"2012-02-28T19:26:23+0000","updated_at":"2012-11-21T23:02:08+0000","external_accounts":[],"confirmed_at":"2012-04-17T05:33:49+0000","username":"ins","role":"","email":"ins429@gmail.com","admin":"false","custom_fields":{"sd":"23423s","s32":"sdfa2","sds":"23423s","sdfs":"23423s"}},"content_type":"image/png"}],"success":true,"error":false,"meta":{"code":200,"status":"ok","method_name":"createPhoto"}}
[2012-11-21 15:58:30.341] [INFO] PixGrid - User logged in: peter l
[2012-11-21 15:58:42.391] [INFO] PixGrid - User logged in: peter l
[2012-11-21 16:03:34.914] [INFO] PixGrid - User logged in: peter l
[2012-11-22 13:22:49.437] [INFO] PixGrid - User logged in: peter l
[2012-11-22 13:23:23.013] [INFO] PixGrid - photos#destroy: {"success":true,"error":false,"meta":{"status":"ok","code":200,"method_name":"deletePhoto"}}
[2012-11-22 13:25:24.147] [INFO] PixGrid - photos#create.json: {"photos":[{"id":"50ae984364281d419113db3a","filename":"pixgrid.png","size":9487,"md5":"e72e9cca50359462a039dc2a81039529","created_at":"2012-11-22T21:25:23+0000","updated_at":"2012-11-22T21:25:23+0000","processed":false,"user":{"id":"4fed396eb685530e5a00001d","first_name":"peter","last_name":"l","tags":["insu","peter"],"created_at":"2012-06-29T05:13:18+0000","updated_at":"2012-11-22T21:22:49+0000","external_accounts":[],"confirmed_at":"2012-06-29T05:13:18+0000","username":"peterlee","email":"peter@cocoafish.com","admin":"false"},"content_type":"image/png"}],"success":true,"error":false,"meta":{"code":200,"status":"ok","method_name":"createPhoto"}}
[2012-11-22 13:26:14.421] [INFO] PixGrid - photos#create.json: {"photos":[{"id":"50ae9876e9768046f513d0ce","filename":"logo.png","size":4044,"md5":"7f8cb845d02a2beee4ec116a2595a5c8","created_at":"2012-11-22T21:26:14+0000","updated_at":"2012-11-22T21:26:14+0000","processed":false,"user":{"id":"4fed396eb685530e5a00001d","first_name":"peter","last_name":"l","tags":["insu","peter"],"created_at":"2012-06-29T05:13:18+0000","updated_at":"2012-11-22T21:22:49+0000","external_accounts":[],"confirmed_at":"2012-06-29T05:13:18+0000","username":"peterlee","email":"peter@cocoafish.com","admin":"false"},"content_type":"image/png"}],"success":true,"error":false,"meta":{"code":200,"status":"ok","method_name":"createPhoto"}}
[2012-11-22 13:32:10.343] [INFO] PixGrid - photos#create.json: {"photos":[{"id":"50ae99da15e06042c713b7d7","filename":"user.png","size":3953,"md5":"ae24387fcd425ce64640096c7dcfb52b","created_at":"2012-11-22T21:32:10+0000","updated_at":"2012-11-22T21:32:10+0000","processed":false,"user":{"id":"4fed396eb685530e5a00001d","first_name":"peter","last_name":"l","tags":["insu","peter"],"created_at":"2012-06-29T05:13:18+0000","updated_at":"2012-11-22T21:22:49+0000","external_accounts":[],"confirmed_at":"2012-06-29T05:13:18+0000","username":"peterlee","email":"peter@cocoafish.com","admin":"false"},"content_type":"image/png"}],"success":true,"error":false,"meta":{"code":200,"status":"ok","method_name":"createPhoto"}}
[2012-11-22 13:32:27.069] [INFO] PixGrid - photos#create.json: {"photos":[{"id":"50ae99eaab2979416d13b71a","filename":"random.png","size":11070,"md5":"fe708ba3d745a1a8404412337b0ccde1","created_at":"2012-11-22T21:32:26+0000","updated_at":"2012-11-22T21:32:26+0000","processed":false,"user":{"id":"4fed396eb685530e5a00001d","first_name":"peter","last_name":"l","tags":["insu","peter"],"created_at":"2012-06-29T05:13:18+0000","updated_at":"2012-11-22T21:22:49+0000","external_accounts":[],"confirmed_at":"2012-06-29T05:13:18+0000","username":"peterlee","email":"peter@cocoafish.com","admin":"false"},"content_type":"image/png"}],"success":true,"error":false,"meta":{"code":200,"status":"ok","method_name":"createPhoto"}}
[2012-11-22 13:33:35.982] [INFO] PixGrid - photos#create.json: {"photos":[{"id":"50ae9a2fe9768046f513d163","filename":"btn-events-active.png","size":1096,"md5":"972a64c0ec93a55a8192d93a12c2a860","created_at":"2012-11-22T21:33:35+0000","updated_at":"2012-11-22T21:33:35+0000","processed":false,"user":{"id":"4fed396eb685530e5a00001d","first_name":"peter","last_name":"l","tags":["insu","peter"],"created_at":"2012-06-29T05:13:18+0000","updated_at":"2012-11-22T21:22:49+0000","external_accounts":[],"confirmed_at":"2012-06-29T05:13:18+0000","username":"peterlee","email":"peter@cocoafish.com","admin":"false"},"content_type":"image/png"}],"success":true,"error":false,"meta":{"code":200,"status":"ok","method_name":"createPhoto"}}
[2012-11-22 13:34:30.042] [DEBUG] PixGrid - photos#create.json#Error: {"success":false,"error":true,"code":400,"message":"Invalid photo file attachment"}
[2012-11-22 13:35:01.526] [DEBUG] PixGrid - photos#create.json#Error: {"success":false,"error":true,"code":400,"message":"Invalid photo file attachment"}
[2012-11-22 13:35:30.060] [DEBUG] PixGrid - photos#create.json#Error: {"success":false,"error":true,"code":400,"message":"Invalid photo file attachment"}
[2012-11-22 13:36:26.611] [DEBUG] PixGrid - photos#create.json#Error: {"success":false,"error":true,"code":400,"message":"Invalid photo file attachment"}
[2012-11-22 13:55:39.150] [INFO] PixGrid - User logged in: peter l
[2012-11-22 13:56:13.188] [INFO] PixGrid - photos#create.json: {"photos":[{"id":"50ae9f7c4ff3f8321a00079c","filename":"yes no.gif","size":1821875,"md5":"2c9d0d9a14aa8bf954f93c72a6796ed7","created_at":"2012-11-22T21:56:12+0000","updated_at":"2012-11-22T21:56:12+0000","processed":false,"user":{"id":"4fed396eb685530e5a00001d","first_name":"peter","last_name":"l","tags":["insu","peter"],"created_at":"2012-06-29T05:13:18+0000","updated_at":"2012-11-22T21:55:39+0000","external_accounts":[],"confirmed_at":"2012-06-29T05:13:18+0000","username":"peterlee","email":"peter@cocoafish.com","admin":"false"},"content_type":"image/gif"}],"success":true,"error":false,"meta":{"code":200,"status":"ok","method_name":"createPhoto"}}
[2012-11-22 14:23:28.524] [INFO] PixGrid - photos#create.json: {"photos":[{"id":"50aea5e064281d419113df07","filename":"LENNON.jpg","size":23773,"md5":"c5d97af77535a89b81596df9cabee6ec","created_at":"2012-11-22T22:23:28+0000","updated_at":"2012-11-22T22:23:28+0000","processed":false,"user":{"id":"4fed396eb685530e5a00001d","first_name":"peter","last_name":"l","tags":["insu","peter"],"created_at":"2012-06-29T05:13:18+0000","updated_at":"2012-11-22T21:55:39+0000","external_accounts":[],"confirmed_at":"2012-06-29T05:13:18+0000","username":"peterlee","email":"peter@cocoafish.com","admin":"false"},"content_type":"image/jpeg"}],"success":true,"error":false,"meta":{"code":200,"status":"ok","method_name":"createPhoto"}}
[2012-11-22 14:28:10.015] [INFO] PixGrid - User logged in: peter l
[2012-11-25 19:31:08.435] [INFO] PixGrid - photos#create.json: {"photos":[{"id":"50b2e270c2845b349a000336","filename":"yes no.gif","size":1821875,"md5":"2c9d0d9a14aa8bf954f93c72a6796ed7","created_at":"2012-11-26T03:30:56+0000","updated_at":"2012-11-26T03:30:56+0000","processed":false,"user":{"id":"4fed396eb685530e5a00001d","first_name":"peter","last_name":"l","tags":["insu","peter"],"created_at":"2012-06-29T05:13:18+0000","updated_at":"2012-11-22T22:28:09+0000","external_accounts":[],"confirmed_at":"2012-06-29T05:13:18+0000","username":"peterlee","email":"peter@cocoafish.com","admin":"false"},"content_type":"image/gif"}],"success":true,"error":false,"meta":{"code":200,"status":"ok","method_name":"createPhoto"}}
[2012-11-26 09:53:11.102] [INFO] PixGrid - User logged in: peter l
[2012-11-26 09:55:59.450] [DEBUG] PixGrid - photos#create.json#Error: {"success":false,"error":true,"code":400,"message":"Invalid photo file attachment"}
[2012-11-26 10:00:08.715] [DEBUG] PixGrid - photos#create.json#Error: {"success":false,"error":true,"code":400,"message":"Invalid photo file attachment"}
[2012-11-26 10:02:21.037] [DEBUG] PixGrid - photos#create.json#Error: {"success":false,"error":true,"code":400,"message":"Invalid photo file attachment"}
[2012-11-26 10:03:06.241] [DEBUG] PixGrid - photos#create.json#Error: {"success":false,"error":true,"code":400,"message":"Invalid photo file attachment"}
[2012-11-26 10:03:09.096] [DEBUG] PixGrid - photos#create.json#Error: {"success":false,"error":true,"code":400,"message":"Invalid photo file attachment"}
[2012-11-26 10:03:11.014] [DEBUG] PixGrid - photos#create.json#Error: {"success":false,"error":true,"code":400,"message":"Invalid photo file attachment"}
[2012-11-26 10:03:13.745] [DEBUG] PixGrid - photos#create.json#Error: {"success":false,"error":true,"code":400,"message":"Invalid photo file attachment"}
[2012-11-26 10:03:19.566] [INFO] PixGrid - photos#create.json: {"photos":[{"id":"50b3aee628246b42c31763ce","filename":"out.png","size":3282,"md5":"6d9bc9e4ca18befbcc0006b92b16a950","created_at":"2012-11-26T18:03:19+0000","updated_at":"2012-11-26T18:03:19+0000","processed":false,"user":{"id":"4fed396eb685530e5a00001d","first_name":"peter","last_name":"l","tags":["insu","peter"],"created_at":"2012-06-29T05:13:18+0000","updated_at":"2012-11-26T17:53:10+0000","external_accounts":[],"confirmed_at":"2012-06-29T05:13:18+0000","username":"peterlee","email":"peter@cocoafish.com","admin":"false"},"content_type":"image/png"}],"success":true,"error":false,"meta":{"code":200,"status":"ok","method_name":"createPhoto"}}
[2012-11-26 10:27:27.217] [INFO] PixGrid - User logged in: peter l
